<?xml version="1.0" encoding="UTF-8"?>
<!-- Generated by org.testng.reporters.JUnitReportReporter -->
<testsuite skipped="0" hostname="ATMECSINLT-085" name="com.atmecs.mysqlAssessment.testscripts.TestVerifyNinjaStore" tests="1" failures="0" timestamp="15 Nov 2019 10:02:07 GMT" time="42.484" errors="0">
  <testcase name="verifyNinjaStore" time="42.484" classname="com.atmecs.mysqlAssessment.testscripts.TestVerifyNinjaStore"/>
</testsuite> <!-- com.atmecs.mysqlAssessment.testscripts.TestVerifyNinjaStore -->
