<?xml version="1.0" encoding="UTF-8"?>
<!-- Generated by org.testng.reporters.JUnitReportReporter -->
<testsuite skipped="0" hostname="ATMECSINLT-085" name="com.atmecs.mysqlAssessment.testbase.TestNGPrallel" tests="1" failures="0" timestamp="15 Nov 2019 10:02:07 GMT" time="61.422" errors="0">
  <testcase name="xmlsuite" time="61.422" classname="com.atmecs.mysqlAssessment.testbase.TestNGPrallel"/>
</testsuite> <!-- com.atmecs.mysqlAssessment.testbase.TestNGPrallel -->
