<?xml version="1.0" encoding="UTF-8"?>
<!-- Generated by org.testng.reporters.JUnitReportReporter -->
<testsuite skipped="0" hostname="ATMECSINLT-085" name="com.atmecs.mysqlAssessment.testscripts.TestVerifyHeatClinic" tests="1" failures="0" timestamp="15 Nov 2019 09:58:34 GMT" time="19.557" errors="0">
  <testcase name="verifyHeatClinic" time="19.557" classname="com.atmecs.mysqlAssessment.testscripts.TestVerifyHeatClinic"/>
</testsuite> <!-- com.atmecs.mysqlAssessment.testscripts.TestVerifyHeatClinic -->
